  game.cpp
C:\Users\User\source\repos\MathTrainer\MathTrainer\game.cpp(241,55): warning C4244: 'argument': conversion from '_Rep' to 'unsigned int', possible loss of data
          with
          [
              _Rep=std::chrono::system_clock::rep
          ]
C:\Users\User\source\repos\MathTrainer\MathTrainer\game.cpp(272,55): warning C4244: 'argument': conversion from '_Rep' to 'unsigned int', possible loss of data
          with
          [
              _Rep=std::chrono::system_clock::rep
          ]
C:\Users\User\source\repos\MathTrainer\MathTrainer\game.cpp(325,30): warning C4244: '=': conversion from 'double' to 'int', possible loss of data
C:\Users\User\source\repos\MathTrainer\MathTrainer\game.cpp(343,28): warning C4244: '=': conversion from 'double' to 'int', possible loss of data
C:\Users\User\source\repos\MathTrainer\MathTrainer\game.cpp(356,55): warning C4244: 'argument': conversion from '_Rep' to 'unsigned int', possible loss of data
          with
          [
              _Rep=std::chrono::system_clock::rep
          ]
C:\Users\User\source\repos\MathTrainer\MathTrainer\game.cpp(429,39): warning C4244: '=': conversion from 'double' to 'int', possible loss of data
C:\Users\User\source\repos\MathTrainer\MathTrainer\game.cpp(449,37): warning C4244: '=': conversion from 'double' to 'int', possible loss of data
C:\Users\User\source\repos\MathTrainer\MathTrainer\game.cpp(635,3): warning C4267: 'initializing': conversion from 'size_t' to 'int', possible loss of data
  MathTrainer.vcxproj -> C:\Users\User\source\repos\MathTrainer\x64\Debug\MathTrainer.exe
