  game.cpp
C:\Users\User\source\repos\MathTrainer\MathTrainer\game.cpp(267,55): warning C4244: 'argument': conversion from '_Rep' to 'unsigned int', possible loss of data
          with
          [
              _Rep=std::chrono::system_clock::rep
          ]
C:\Users\User\source\repos\MathTrainer\MathTrainer\game.cpp(298,55): warning C4244: 'argument': conversion from '_Rep' to 'unsigned int', possible loss of data
          with
          [
              _Rep=std::chrono::system_clock::rep
          ]
C:\Users\User\source\repos\MathTrainer\MathTrainer\game.cpp(353,30): warning C4244: '=': conversion from 'double' to 'int', possible loss of data
C:\Users\User\source\repos\MathTrainer\MathTrainer\game.cpp(372,28): warning C4244: '=': conversion from 'double' to 'int', possible loss of data
C:\Users\User\source\repos\MathTrainer\MathTrainer\game.cpp(385,55): warning C4244: 'argument': conversion from '_Rep' to 'unsigned int', possible loss of data
          with
          [
              _Rep=std::chrono::system_clock::rep
          ]
C:\Users\User\source\repos\MathTrainer\MathTrainer\game.cpp(461,39): warning C4244: '=': conversion from 'double' to 'int', possible loss of data
C:\Users\User\source\repos\MathTrainer\MathTrainer\game.cpp(481,37): warning C4244: '=': conversion from 'double' to 'int', possible loss of data
C:\Users\User\source\repos\MathTrainer\MathTrainer\game.cpp(683,3): warning C4267: 'initializing': conversion from 'size_t' to 'int', possible loss of data
  Generating code
  1 of 413 functions ( 0.2%) were compiled, the rest were copied from previous compilation.
    0 functions were new in current compilation
    3 functions had inline decision re-evaluated but remain unchanged
  Finished generating code
  MathTrainer.vcxproj -> C:\Users\User\source\repos\MathTrainer\x64\Release\MathTrainer.exe
